# JRE version: OpenJDK Runtime Environment (8.0_152-b01) (build 1.8.0_152-release-915-b01)
# Java VM: OpenJDK 64-Bit Server VM (25.152-b01 mixed mode windows-amd64 compressed oops)
Heap:
 PSYoungGen      total 327680K, used 132072K [0x00000000e0000000, 0x00000000f6800000, 0x0000000100000000)
  eden space 289792K, 45% used [0x00000000e0000000,0x00000000e80fa3c8,0x00000000f1b00000)
  from space 37888K, 0% used [0x00000000f1b00000,0x00000000f1b00000,0x00000000f4000000)
  to   space 39424K, 0% used [0x00000000f4180000,0x00000000f4180000,0x00000000f6800000)
 ParOldGen       total 160768K, used 13569K [0x00000000a0000000, 0x00000000a9d00000, 0x00000000e0000000)
  object space 160768K, 8% used [0x00000000a0000000,0x00000000a0d40570,0x00000000a9d00000)
 Metaspace       used 64580K, capacity 66528K, committed 71040K, reserved 1112064K
  class space    used 7326K, capacity 7790K, committed 8576K, reserved 1048576K
GC Heap History (10 events):
Event: 2755.310 GC heap before
{Heap before GC invocations=26 (full 4):
 PSYoungGen      total 354816K, used 354418K [0x00000000e0000000, 0x00000000f8480000, 0x0000000100000000)
  eden space 325120K, 100% used [0x00000000e0000000,0x00000000f3d80000,0x00000000f3d80000)
  from space 29696K, 98% used [0x00000000f4a80000,0x00000000f671cbe8,0x00000000f6780000)
  to   space 29696K, 0% used [0x00000000f6780000,0x00000000f6780000,0x00000000f8480000)
 ParOldGen       total 160768K, used 109481K [0x00000000a0000000, 0x00000000a9d00000, 0x00000000e0000000)
  object space 160768K, 68% used [0x00000000a0000000,0x00000000a6aea670,0x00000000a9d00000)
 Metaspace       used 66261K, capacity 68588K, committed 68736K, reserved 1110016K
  class space    used 7668K, capacity 8260K, committed 8320K, reserved 1048576K
Event: 2755.363 GC heap after
Heap after GC invocations=26 (full 4):
 PSYoungGen      total 342528K, used 29671K [0x00000000e0000000, 0x00000000f8480000, 0x0000000100000000)
  eden space 312832K, 0% used [0x00000000e0000000,0x00000000e0000000,0x00000000f3180000)
  from space 29696K, 99% used [0x00000000f6780000,0x00000000f8479fe0,0x00000000f8480000)
  to   space 39424K, 0% used [0x00000000f3780000,0x00000000f3780000,0x00000000f5e00000)
 ParOldGen       total 160768K, used 110603K [0x00000000a0000000, 0x00000000a9d00000, 0x00000000e0000000)
  object space 160768K, 68% used [0x00000000a0000000,0x00000000a6c02dc0,0x00000000a9d00000)
 Metaspace       used 66261K, capacity 68588K, committed 68736K, reserved 1110016K
  class space    used 7668K, capacity 8260K, committed 8320K, reserved 1048576K
}
Event: 3526.286 GC heap before
{Heap before GC invocations=27 (full 4):
 PSYoungGen      total 342528K, used 342503K [0x00000000e0000000, 0x00000000f8480000, 0x0000000100000000)
  eden space 312832K, 100% used [0x00000000e0000000,0x00000000f3180000,0x00000000f3180000)
  from space 29696K, 99% used [0x00000000f6780000,0x00000000f8479fe0,0x00000000f8480000)
  to   space 39424K, 0% used [0x00000000f3780000,0x00000000f3780000,0x00000000f5e00000)
 ParOldGen       total 160768K, used 110603K [0x00000000a0000000, 0x00000000a9d00000, 0x00000000e0000000)
  object space 160768K, 68% used [0x00000000a0000000,0x00000000a6c02dc0,0x00000000a9d00000)
 Metaspace       used 67403K, capacity 69926K, committed 70144K, reserved 1112064K
  class space    used 7799K, capacity 8431K, committed 8448K, reserved 1048576K
Event: 3526.314 GC heap after
Heap after GC invocations=27 (full 4):
 PSYoungGen      total 323584K, used 22150K [0x00000000e0000000, 0x00000000f7100000, 0x0000000100000000)
  eden space 301056K, 0% used [0x00000000e0000000,0x00000000e0000000,0x00000000f2600000)
  from space 22528K, 98% used [0x00000000f3780000,0x00000000f4d21960,0x00000000f4d80000)
  to   space 36352K, 0% used [0x00000000f4d80000,0x00000000f4d80000,0x00000000f7100000)
 ParOldGen       total 160768K, used 110919K [0x00000000a0000000, 0x00000000a9d00000, 0x00000000e0000000)
  object space 160768K, 68% used [0x00000000a0000000,0x00000000a6c51e20,0x00000000a9d00000)
 Metaspace       used 67403K, capacity 69926K, committed 70144K, reserved 1112064K
  class space    used 7799K, capacity 8431K, committed 8448K, reserved 1048576K
}
Event: 3575.675 GC heap before
{Heap before GC invocations=28 (full 4):
 PSYoungGen      total 323584K, used 323206K [0x00000000e0000000, 0x00000000f7100000, 0x0000000100000000)
  eden space 301056K, 100% used [0x00000000e0000000,0x00000000f2600000,0x00000000f2600000)
  from space 22528K, 98% used [0x00000000f3780000,0x00000000f4d21960,0x00000000f4d80000)
  to   space 36352K, 0% used [0x00000000f4d80000,0x00000000f4d80000,0x00000000f7100000)
 ParOldGen       total 160768K, used 110919K [0x00000000a0000000, 0x00000000a9d00000, 0x00000000e0000000)
  object space 160768K, 68% used [0x00000000a0000000,0x00000000a6c51e20,0x00000000a9d00000)
 Metaspace       used 68156K, capacity 70666K, committed 70784K, reserved 1112064K
  class space    used 7852K, capacity 8505K, committed 8576K, reserved 1048576K
Event: 3575.700 GC heap after
Heap after GC invocations=28 (full 4):
 PSYoungGen      total 313856K, used 22922K [0x00000000e0000000, 0x00000000f6500000, 0x0000000100000000)
  eden space 289792K, 0% used [0x00000000e0000000,0x00000000e0000000,0x00000000f1b00000)
  from space 24064K, 95% used [0x00000000f4d80000,0x00000000f63e2a58,0x00000000f6500000)
  to   space 37888K, 0% used [0x00000000f1b00000,0x00000000f1b00000,0x00000000f4000000)
 ParOldGen       total 160768K, used 110927K [0x00000000a0000000, 0x00000000a9d00000, 0x00000000e0000000)
  object space 160768K, 68% used [0x00000000a0000000,0x00000000a6c53e20,0x00000000a9d00000)
 Metaspace       used 68156K, capacity 70666K, committed 70784K, reserved 1112064K
  class space    used 7852K, capacity 8505K, committed 8576K, reserved 1048576K
}
Event: 3614.745 GC heap before
{Heap before GC invocations=29 (full 4):
 PSYoungGen      total 313856K, used 74078K [0x00000000e0000000, 0x00000000f6500000, 0x0000000100000000)
  eden space 289792K, 17% used [0x00000000e0000000,0x00000000e31f4f68,0x00000000f1b00000)
  from space 24064K, 95% used [0x00000000f4d80000,0x00000000f63e2a58,0x00000000f6500000)
  to   space 37888K, 0% used [0x00000000f1b00000,0x00000000f1b00000,0x00000000f4000000)
 ParOldGen       total 160768K, used 110927K [0x00000000a0000000, 0x00000000a9d00000, 0x00000000e0000000)
  object space 160768K, 68% used [0x00000000a0000000,0x00000000a6c53e20,0x00000000a9d00000)
 Metaspace       used 68307K, capacity 70890K, committed 71040K, reserved 1112064K
  class space    used 7873K, capacity 8537K, committed 8576K, reserved 1048576K
Event: 3614.749 GC heap after
Heap after GC invocations=29 (full 4):
 PSYoungGen      total 327680K, used 1350K [0x00000000e0000000, 0x00000000f6800000, 0x0000000100000000)
  eden space 289792K, 0% used [0x00000000e0000000,0x00000000e0000000,0x00000000f1b00000)
  from space 37888K, 3% used [0x00000000f1b00000,0x00000000f1c51b98,0x00000000f4000000)
  to   space 39424K, 0% used [0x00000000f4180000,0x00000000f4180000,0x00000000f6800000)
 ParOldGen       total 160768K, used 110935K [0x00000000a0000000, 0x00000000a9d00000, 0x00000000e0000000)
  object space 160768K, 69% used [0x00000000a0000000,0x00000000a6c55e20,0x00000000a9d00000)
 Metaspace       used 68307K, capacity 70890K, committed 71040K, reserved 1112064K
  class space    used 7873K, capacity 8537K, committed 8576K, reserved 1048576K
}
Event: 3614.749 GC heap before
{Heap before GC invocations=30 (full 5):
 PSYoungGen      total 327680K, used 1350K [0x00000000e0000000, 0x00000000f6800000, 0x0000000100000000)
  eden space 289792K, 0% used [0x00000000e0000000,0x00000000e0000000,0x00000000f1b00000)
  from space 37888K, 3% used [0x00000000f1b00000,0x00000000f1c51b98,0x00000000f4000000)
  to   space 39424K, 0% used [0x00000000f4180000,0x00000000f4180000,0x00000000f6800000)
 ParOldGen       total 160768K, used 110935K [0x00000000a0000000, 0x00000000a9d00000, 0x00000000e0000000)
  object space 160768K, 69% used [0x00000000a0000000,0x00000000a6c55e20,0x00000000a9d00000)
 Metaspace       used 68307K, capacity 70890K, committed 71040K, reserved 1112064K
  class space    used 7873K, capacity 8537K, committed 8576K, reserved 1048576K
Event: 3615.069 GC heap after
Heap after GC invocations=30 (full 5):
 PSYoungGen      total 327680K, used 0K [0x00000000e0000000, 0x00000000f6800000, 0x0000000100000000)
  eden space 289792K, 0% used [0x00000000e0000000,0x00000000e0000000,0x00000000f1b00000)
  from space 37888K, 0% used [0x00000000f1b00000,0x00000000f1b00000,0x00000000f4000000)
  to   space 39424K, 0% used [0x00000000f4180000,0x00000000f4180000,0x00000000f6800000)
 ParOldGen       total 160768K, used 13569K [0x00000000a0000000, 0x00000000a9d00000, 0x00000000e0000000)
  object space 160768K, 8% used [0x00000000a0000000,0x00000000a0d40570,0x00000000a9d00000)
 Metaspace       used 64105K, capacity 65988K, committed 71040K, reserved 1112064K
  class space    used 7269K, capacity 7716K, committed 8576K, reserved 1048576K
}

