# JRE version: OpenJDK Runtime Environment (8.0_152-b01) (build 1.8.0_152-release-915-b01)
# Java VM: OpenJDK 64-Bit Server VM (25.152-b01 mixed mode windows-amd64 compressed oops)
Heap:
 PSYoungGen      total 270336K, used 80506K [0x00000000e0000000, 0x00000000f8b00000, 0x0000000100000000)
  eden space 232448K, 25% used [0x00000000e0000000,0x00000000e39e07e0,0x00000000ee300000)
  from space 37888K, 56% used [0x00000000ee300000,0x00000000ef7be320,0x00000000f0800000)
  to   space 37888K, 0% used [0x00000000f6600000,0x00000000f6600000,0x00000000f8b00000)
 ParOldGen       total 199680K, used 48277K [0x00000000a0000000, 0x00000000ac300000, 0x00000000e0000000)
  object space 199680K, 24% used [0x00000000a0000000,0x00000000a2f25630,0x00000000ac300000)
 Metaspace       used 56475K, capacity 57650K, committed 58240K, reserved 1099776K
  class space    used 6833K, capacity 7173K, committed 7296K, reserved 1048576K
GC Heap History (10 events):
Event: 8.455 GC heap before
{Heap before GC invocations=16 (full 4):
 PSYoungGen      total 138752K, used 137614K [0x00000000e0000000, 0x00000000ec580000, 0x0000000100000000)
  eden space 122368K, 99% used [0x00000000e0000000,0x00000000e76b2248,0x00000000e7780000)
  from space 16384K, 98% used [0x00000000e7780000,0x00000000e87318f8,0x00000000e8780000)
  to   space 18432K, 0% used [0x00000000eb380000,0x00000000eb380000,0x00000000ec580000)
 ParOldGen       total 196608K, used 150095K [0x00000000a0000000, 0x00000000ac000000, 0x00000000e0000000)
  object space 196608K, 76% used [0x00000000a0000000,0x00000000a9293fc0,0x00000000ac000000)
 Metaspace       used 44011K, capacity 44736K, committed 45184K, reserved 1089536K
  class space    used 5572K, capacity 5728K, committed 5760K, reserved 1048576K
Event: 8.480 GC heap after
Heap after GC invocations=16 (full 4):
 PSYoungGen      total 182272K, used 15701K [0x00000000e0000000, 0x00000000ed800000, 0x0000000100000000)
  eden space 163840K, 0% used [0x00000000e0000000,0x00000000e0000000,0x00000000ea000000)
  from space 18432K, 85% used [0x00000000eb380000,0x00000000ec2d5668,0x00000000ec580000)
  to   space 19968K, 0% used [0x00000000ea000000,0x00000000ea000000,0x00000000eb380000)
 ParOldGen       total 196608K, used 155506K [0x00000000a0000000, 0x00000000ac000000, 0x00000000e0000000)
  object space 196608K, 79% used [0x00000000a0000000,0x00000000a97dc8d0,0x00000000ac000000)
 Metaspace       used 44011K, capacity 44736K, committed 45184K, reserved 1089536K
  class space    used 5572K, capacity 5728K, committed 5760K, reserved 1048576K
}
Event: 168.460 GC heap before
{Heap before GC invocations=17 (full 4):
 PSYoungGen      total 182272K, used 179541K [0x00000000e0000000, 0x00000000ed800000, 0x0000000100000000)
  eden space 163840K, 100% used [0x00000000e0000000,0x00000000ea000000,0x00000000ea000000)
  from space 18432K, 85% used [0x00000000eb380000,0x00000000ec2d5668,0x00000000ec580000)
  to   space 19968K, 0% used [0x00000000ea000000,0x00000000ea000000,0x00000000eb380000)
 ParOldGen       total 196608K, used 155506K [0x00000000a0000000, 0x00000000ac000000, 0x00000000e0000000)
  object space 196608K, 79% used [0x00000000a0000000,0x00000000a97dc8d0,0x00000000ac000000)
 Metaspace       used 51094K, capacity 51980K, committed 52352K, reserved 1095680K
  class space    used 6272K, capacity 6484K, committed 6528K, reserved 1048576K
Event: 168.515 GC heap after
Heap after GC invocations=17 (full 4):
 PSYoungGen      total 183808K, used 19964K [0x00000000e0000000, 0x00000000f2880000, 0x0000000100000000)
  eden space 163840K, 0% used [0x00000000e0000000,0x00000000e0000000,0x00000000ea000000)
  from space 19968K, 99% used [0x00000000ea000000,0x00000000eb37f1e8,0x00000000eb380000)
  to   space 33280K, 0% used [0x00000000f0800000,0x00000000f0800000,0x00000000f2880000)
 ParOldGen       total 196608K, used 184071K [0x00000000a0000000, 0x00000000ac000000, 0x00000000e0000000)
  object space 196608K, 93% used [0x00000000a0000000,0x00000000ab3c1f00,0x00000000ac000000)
 Metaspace       used 51094K, capacity 51980K, committed 52352K, reserved 1095680K
  class space    used 6272K, capacity 6484K, committed 6528K, reserved 1048576K
}
Event: 168.515 GC heap before
{Heap before GC invocations=18 (full 5):
 PSYoungGen      total 183808K, used 19964K [0x00000000e0000000, 0x00000000f2880000, 0x0000000100000000)
  eden space 163840K, 0% used [0x00000000e0000000,0x00000000e0000000,0x00000000ea000000)
  from space 19968K, 99% used [0x00000000ea000000,0x00000000eb37f1e8,0x00000000eb380000)
  to   space 33280K, 0% used [0x00000000f0800000,0x00000000f0800000,0x00000000f2880000)
 ParOldGen       total 196608K, used 184071K [0x00000000a0000000, 0x00000000ac000000, 0x00000000e0000000)
  object space 196608K, 93% used [0x00000000a0000000,0x00000000ab3c1f00,0x00000000ac000000)
 Metaspace       used 51094K, capacity 51980K, committed 52352K, reserved 1095680K
  class space    used 6272K, capacity 6484K, committed 6528K, reserved 1048576K
Event: 168.737 GC heap after
Heap after GC invocations=18 (full 5):
 PSYoungGen      total 183808K, used 0K [0x00000000e0000000, 0x00000000f2880000, 0x0000000100000000)
  eden space 163840K, 0% used [0x00000000e0000000,0x00000000e0000000,0x00000000ea000000)
  from space 19968K, 0% used [0x00000000ea000000,0x00000000ea000000,0x00000000eb380000)
  to   space 33280K, 0% used [0x00000000f0800000,0x00000000f0800000,0x00000000f2880000)
 ParOldGen       total 199680K, used 44705K [0x00000000a0000000, 0x00000000ac300000, 0x00000000e0000000)
  object space 199680K, 22% used [0x00000000a0000000,0x00000000a2ba8770,0x00000000ac300000)
 Metaspace       used 51094K, capacity 51980K, committed 52352K, reserved 1095680K
  class space    used 6272K, capacity 6484K, committed 6528K, reserved 1048576K
}
Event: 195.921 GC heap before
{Heap before GC invocations=19 (full 5):
 PSYoungGen      total 183808K, used 163840K [0x00000000e0000000, 0x00000000f2880000, 0x0000000100000000)
  eden space 163840K, 100% used [0x00000000e0000000,0x00000000ea000000,0x00000000ea000000)
  from space 19968K, 0% used [0x00000000ea000000,0x00000000ea000000,0x00000000eb380000)
  to   space 33280K, 0% used [0x00000000f0800000,0x00000000f0800000,0x00000000f2880000)
 ParOldGen       total 199680K, used 44705K [0x00000000a0000000, 0x00000000ac300000, 0x00000000e0000000)
  object space 199680K, 22% used [0x00000000a0000000,0x00000000a2ba8770,0x00000000ac300000)
 Metaspace       used 54567K, capacity 55636K, committed 55936K, reserved 1097728K
  class space    used 6723K, capacity 7024K, committed 7040K, reserved 1048576K
Event: 195.959 GC heap after
Heap after GC invocations=19 (full 5):
 PSYoungGen      total 265728K, used 31344K [0x00000000e0000000, 0x00000000f3180000, 0x0000000100000000)
  eden space 232448K, 0% used [0x00000000e0000000,0x00000000e0000000,0x00000000ee300000)
  from space 33280K, 94% used [0x00000000f0800000,0x00000000f269c078,0x00000000f2880000)
  to   space 37888K, 0% used [0x00000000ee300000,0x00000000ee300000,0x00000000f0800000)
 ParOldGen       total 199680K, used 44713K [0x00000000a0000000, 0x00000000ac300000, 0x00000000e0000000)
  object space 199680K, 22% used [0x00000000a0000000,0x00000000a2baa770,0x00000000ac300000)
 Metaspace       used 54567K, capacity 55636K, committed 55936K, reserved 1097728K
  class space    used 6723K, capacity 7024K, committed 7040K, reserved 1048576K
}
Event: 329.765 GC heap before
{Heap before GC invocations=20 (full 5):
 PSYoungGen      total 265728K, used 263792K [0x00000000e0000000, 0x00000000f3180000, 0x0000000100000000)
  eden space 232448K, 100% used [0x00000000e0000000,0x00000000ee300000,0x00000000ee300000)
  from space 33280K, 94% used [0x00000000f0800000,0x00000000f269c078,0x00000000f2880000)
  to   space 37888K, 0% used [0x00000000ee300000,0x00000000ee300000,0x00000000f0800000)
 ParOldGen       total 199680K, used 44713K [0x00000000a0000000, 0x00000000ac300000, 0x00000000e0000000)
  object space 199680K, 22% used [0x00000000a0000000,0x00000000a2baa770,0x00000000ac300000)
 Metaspace       used 56188K, capacity 57354K, committed 57856K, reserved 1099776K
  class space    used 6820K, capacity 7141K, committed 7168K, reserved 1048576K
Event: 329.797 GC heap after
Heap after GC invocations=20 (full 5):
 PSYoungGen      total 270336K, used 21240K [0x00000000e0000000, 0x00000000f8b00000, 0x0000000100000000)
  eden space 232448K, 0% used [0x00000000e0000000,0x00000000e0000000,0x00000000ee300000)
  from space 37888K, 56% used [0x00000000ee300000,0x00000000ef7be320,0x00000000f0800000)
  to   space 37888K, 0% used [0x00000000f6600000,0x00000000f6600000,0x00000000f8b00000)
 ParOldGen       total 199680K, used 48277K [0x00000000a0000000, 0x00000000ac300000, 0x00000000e0000000)
  object space 199680K, 24% used [0x00000000a0000000,0x00000000a2f25630,0x00000000ac300000)
 Metaspace       used 56188K, capacity 57354K, committed 57856K, reserved 1099776K
  class space    used 6820K, capacity 7141K, committed 7168K, reserved 1048576K
}

