# JRE version: OpenJDK Runtime Environment (8.0_152-b01) (build 1.8.0_152-release-915-b01)
# Java VM: OpenJDK 64-Bit Server VM (25.152-b01 mixed mode windows-amd64 compressed oops)
Heap:
 PSYoungGen      total 227328K, used 191137K [0x00000000e0000000, 0x00000000efe00000, 0x0000000100000000)
  eden space 194560K, 83% used [0x00000000e0000000,0x00000000e9f8d158,0x00000000ebe00000)
  from space 32768K, 84% used [0x00000000ebe00000,0x00000000ed91b518,0x00000000ede00000)
  to   space 28672K, 0% used [0x00000000ee200000,0x00000000ee200000,0x00000000efe00000)
 ParOldGen       total 151552K, used 97657K [0x00000000a0000000, 0x00000000a9400000, 0x00000000e0000000)
  object space 151552K, 64% used [0x00000000a0000000,0x00000000a5f5e440,0x00000000a9400000)
 Metaspace       used 58242K, capacity 59452K, committed 59776K, reserved 1101824K
  class space    used 6925K, capacity 7228K, committed 7296K, reserved 1048576K
GC Heap History (10 events):
Event: 6.386 GC heap before
{Heap before GC invocations=15 (full 4):
 PSYoungGen      total 103424K, used 78407K [0x00000000e0000000, 0x00000000e9880000, 0x0000000100000000)
  eden space 85504K, 79% used [0x00000000e0000000,0x00000000e426db40,0x00000000e5380000)
  from space 17920K, 57% used [0x00000000e8700000,0x00000000e91243a8,0x00000000e9880000)
  to   space 35328K, 0% used [0x00000000e5380000,0x00000000e5380000,0x00000000e7600000)
 ParOldGen       total 151552K, used 66692K [0x00000000a0000000, 0x00000000a9400000, 0x00000000e0000000)
  object space 151552K, 44% used [0x00000000a0000000,0x00000000a4121258,0x00000000a9400000)
 Metaspace       used 41235K, capacity 41890K, committed 42368K, reserved 1085440K
  class space    used 5284K, capacity 5455K, committed 5504K, reserved 1048576K
Event: 6.394 GC heap after
Heap after GC invocations=15 (full 4):
 PSYoungGen      total 120832K, used 20902K [0x00000000e0000000, 0x00000000ec400000, 0x0000000100000000)
  eden space 85504K, 0% used [0x00000000e0000000,0x00000000e0000000,0x00000000e5380000)
  from space 35328K, 59% used [0x00000000e5380000,0x00000000e67e9938,0x00000000e7600000)
  to   space 35840K, 0% used [0x00000000ea100000,0x00000000ea100000,0x00000000ec400000)
 ParOldGen       total 151552K, used 66700K [0x00000000a0000000, 0x00000000a9400000, 0x00000000e0000000)
  object space 151552K, 44% used [0x00000000a0000000,0x00000000a4123258,0x00000000a9400000)
 Metaspace       used 41235K, capacity 41890K, committed 42368K, reserved 1085440K
  class space    used 5284K, capacity 5455K, committed 5504K, reserved 1048576K
}
Event: 6.400 GC heap before
{Heap before GC invocations=16 (full 4):
 PSYoungGen      total 120832K, used 77549K [0x00000000e0000000, 0x00000000ec400000, 0x0000000100000000)
  eden space 85504K, 66% used [0x00000000e0000000,0x00000000e3751ce8,0x00000000e5380000)
  from space 35328K, 59% used [0x00000000e5380000,0x00000000e67e9938,0x00000000e7600000)
  to   space 35840K, 0% used [0x00000000ea100000,0x00000000ea100000,0x00000000ec400000)
 ParOldGen       total 151552K, used 66700K [0x00000000a0000000, 0x00000000a9400000, 0x00000000e0000000)
  object space 151552K, 44% used [0x00000000a0000000,0x00000000a4123258,0x00000000a9400000)
 Metaspace       used 41241K, capacity 41896K, committed 42368K, reserved 1085440K
  class space    used 5285K, capacity 5456K, committed 5504K, reserved 1048576K
Event: 6.408 GC heap after
Heap after GC invocations=16 (full 4):
 PSYoungGen      total 165888K, used 10448K [0x00000000e0000000, 0x00000000ec380000, 0x0000000100000000)
  eden space 130560K, 0% used [0x00000000e0000000,0x00000000e0000000,0x00000000e7f80000)
  from space 35328K, 29% used [0x00000000ea100000,0x00000000eab343a8,0x00000000ec380000)
  to   space 34304K, 0% used [0x00000000e7f80000,0x00000000e7f80000,0x00000000ea100000)
 ParOldGen       total 151552K, used 76989K [0x00000000a0000000, 0x00000000a9400000, 0x00000000e0000000)
  object space 151552K, 50% used [0x00000000a0000000,0x00000000a4b2f600,0x00000000a9400000)
 Metaspace       used 41241K, capacity 41896K, committed 42368K, reserved 1085440K
  class space    used 5285K, capacity 5456K, committed 5504K, reserved 1048576K
}
Event: 8.351 GC heap before
{Heap before GC invocations=17 (full 4):
 PSYoungGen      total 165888K, used 141008K [0x00000000e0000000, 0x00000000ec380000, 0x0000000100000000)
  eden space 130560K, 100% used [0x00000000e0000000,0x00000000e7f80000,0x00000000e7f80000)
  from space 35328K, 29% used [0x00000000ea100000,0x00000000eab343a8,0x00000000ec380000)
  to   space 34304K, 0% used [0x00000000e7f80000,0x00000000e7f80000,0x00000000ea100000)
 ParOldGen       total 151552K, used 76989K [0x00000000a0000000, 0x00000000a9400000, 0x00000000e0000000)
  object space 151552K, 50% used [0x00000000a0000000,0x00000000a4b2f600,0x00000000a9400000)
 Metaspace       used 45275K, capacity 46090K, committed 46336K, reserved 1089536K
  class space    used 5665K, capacity 5845K, committed 5888K, reserved 1048576K
Event: 8.372 GC heap after
Heap after GC invocations=17 (full 4):
 PSYoungGen      total 164864K, used 18271K [0x00000000e0000000, 0x00000000f0300000, 0x0000000100000000)
  eden space 130560K, 0% used [0x00000000e0000000,0x00000000e0000000,0x00000000e7f80000)
  from space 34304K, 53% used [0x00000000e7f80000,0x00000000e9157df8,0x00000000ea100000)
  to   space 33792K, 0% used [0x00000000ee200000,0x00000000ee200000,0x00000000f0300000)
 ParOldGen       total 151552K, used 77069K [0x00000000a0000000, 0x00000000a9400000, 0x00000000e0000000)
  object space 151552K, 50% used [0x00000000a0000000,0x00000000a4b43600,0x00000000a9400000)
 Metaspace       used 45275K, capacity 46090K, committed 46336K, reserved 1089536K
  class space    used 5665K, capacity 5845K, committed 5888K, reserved 1048576K
}
Event: 11.768 GC heap before
{Heap before GC invocations=18 (full 4):
 PSYoungGen      total 164864K, used 148831K [0x00000000e0000000, 0x00000000f0300000, 0x0000000100000000)
  eden space 130560K, 100% used [0x00000000e0000000,0x00000000e7f80000,0x00000000e7f80000)
  from space 34304K, 53% used [0x00000000e7f80000,0x00000000e9157df8,0x00000000ea100000)
  to   space 33792K, 0% used [0x00000000ee200000,0x00000000ee200000,0x00000000f0300000)
 ParOldGen       total 151552K, used 77069K [0x00000000a0000000, 0x00000000a9400000, 0x00000000e0000000)
  object space 151552K, 50% used [0x00000000a0000000,0x00000000a4b43600,0x00000000a9400000)
 Metaspace       used 55546K, capacity 56588K, committed 56960K, reserved 1099776K
  class space    used 6757K, capacity 7018K, committed 7040K, reserved 1048576K
Event: 11.811 GC heap after
Heap after GC invocations=18 (full 4):
 PSYoungGen      total 223232K, used 17114K [0x00000000e0000000, 0x00000000efe00000, 0x0000000100000000)
  eden space 194560K, 0% used [0x00000000e0000000,0x00000000e0000000,0x00000000ebe00000)
  from space 28672K, 59% used [0x00000000ee200000,0x00000000ef2b69c0,0x00000000efe00000)
  to   space 32768K, 0% used [0x00000000ebe00000,0x00000000ebe00000,0x00000000ede00000)
 ParOldGen       total 151552K, used 90289K [0x00000000a0000000, 0x00000000a9400000, 0x00000000e0000000)
  object space 151552K, 59% used [0x00000000a0000000,0x00000000a582c7f8,0x00000000a9400000)
 Metaspace       used 55546K, capacity 56588K, committed 56960K, reserved 1099776K
  class space    used 6757K, capacity 7018K, committed 7040K, reserved 1048576K
}
Event: 112.689 GC heap before
{Heap before GC invocations=19 (full 4):
 PSYoungGen      total 223232K, used 211674K [0x00000000e0000000, 0x00000000efe00000, 0x0000000100000000)
  eden space 194560K, 100% used [0x00000000e0000000,0x00000000ebe00000,0x00000000ebe00000)
  from space 28672K, 59% used [0x00000000ee200000,0x00000000ef2b69c0,0x00000000efe00000)
  to   space 32768K, 0% used [0x00000000ebe00000,0x00000000ebe00000,0x00000000ede00000)
 ParOldGen       total 151552K, used 90289K [0x00000000a0000000, 0x00000000a9400000, 0x00000000e0000000)
  object space 151552K, 59% used [0x00000000a0000000,0x00000000a582c7f8,0x00000000a9400000)
 Metaspace       used 57221K, capacity 58374K, committed 58624K, reserved 1101824K
  class space    used 6865K, capacity 7115K, committed 7168K, reserved 1048576K
Event: 112.738 GC heap after
Heap after GC invocations=19 (full 4):
 PSYoungGen      total 227328K, used 27757K [0x00000000e0000000, 0x00000000efe00000, 0x0000000100000000)
  eden space 194560K, 0% used [0x00000000e0000000,0x00000000e0000000,0x00000000ebe00000)
  from space 32768K, 84% used [0x00000000ebe00000,0x00000000ed91b518,0x00000000ede00000)
  to   space 28672K, 0% used [0x00000000ee200000,0x00000000ee200000,0x00000000efe00000)
 ParOldGen       total 151552K, used 97657K [0x00000000a0000000, 0x00000000a9400000, 0x00000000e0000000)
  object space 151552K, 64% used [0x00000000a0000000,0x00000000a5f5e440,0x00000000a9400000)
 Metaspace       used 57221K, capacity 58374K, committed 58624K, reserved 1101824K
  class space    used 6865K, capacity 7115K, committed 7168K, reserved 1048576K
}

