# JRE version: OpenJDK Runtime Environment (8.0_152-b01) (build 1.8.0_152-release-915-b01)
# Java VM: OpenJDK 64-Bit Server VM (25.152-b01 mixed mode windows-amd64 compressed oops)
Heap:
 PSYoungGen      total 204288K, used 92670K [0x00000000e0000000, 0x00000000f1a00000, 0x0000000100000000)
  eden space 125952K, 30% used [0x00000000e0000000,0x00000000e25c41d0,0x00000000e7b00000)
  from space 78336K, 68% used [0x00000000eca00000,0x00000000efebb748,0x00000000f1680000)
  to   space 80896K, 0% used [0x00000000e7b00000,0x00000000e7b00000,0x00000000eca00000)
 ParOldGen       total 258560K, used 212475K [0x00000000a0000000, 0x00000000afc80000, 0x00000000e0000000)
  object space 258560K, 82% used [0x00000000a0000000,0x00000000acf7ef20,0x00000000afc80000)
 Metaspace       used 61894K, capacity 63864K, committed 64000K, reserved 1105920K
  class space    used 7357K, capacity 7936K, committed 7936K, reserved 1048576K
GC Heap History (10 events):
Event: 271.083 GC heap before
{Heap before GC invocations=25 (full 5):
 PSYoungGen      total 190976K, used 162008K [0x00000000e0000000, 0x00000000f0900000, 0x0000000100000000)
  eden space 118272K, 100% used [0x00000000e0000000,0x00000000e7380000,0x00000000e7380000)
  from space 72704K, 60% used [0x00000000e7380000,0x00000000e9e363e8,0x00000000eba80000)
  to   space 73728K, 0% used [0x00000000ec100000,0x00000000ec100000,0x00000000f0900000)
 ParOldGen       total 258560K, used 212435K [0x00000000a0000000, 0x00000000afc80000, 0x00000000e0000000)
  object space 258560K, 82% used [0x00000000a0000000,0x00000000acf74f20,0x00000000afc80000)
 Metaspace       used 59294K, capacity 61078K, committed 61184K, reserved 1103872K
  class space    used 7098K, capacity 7605K, committed 7680K, reserved 1048576K
Event: 271.144 GC heap after
Heap after GC invocations=25 (full 5):
 PSYoungGen      total 193536K, used 39519K [0x00000000e0000000, 0x00000000f0600000, 0x0000000100000000)
  eden space 122880K, 0% used [0x00000000e0000000,0x00000000e0000000,0x00000000e7800000)
  from space 70656K, 55% used [0x00000000ec100000,0x00000000ee797ef0,0x00000000f0600000)
  to   space 72704K, 0% used [0x00000000e7800000,0x00000000e7800000,0x00000000ebf00000)
 ParOldGen       total 258560K, used 212443K [0x00000000a0000000, 0x00000000afc80000, 0x00000000e0000000)
  object space 258560K, 82% used [0x00000000a0000000,0x00000000acf76f20,0x00000000afc80000)
 Metaspace       used 59294K, capacity 61078K, committed 61184K, reserved 1103872K
  class space    used 7098K, capacity 7605K, committed 7680K, reserved 1048576K
}
Event: 392.196 GC heap before
{Heap before GC invocations=26 (full 5):
 PSYoungGen      total 193536K, used 162399K [0x00000000e0000000, 0x00000000f0600000, 0x0000000100000000)
  eden space 122880K, 100% used [0x00000000e0000000,0x00000000e7800000,0x00000000e7800000)
  from space 70656K, 55% used [0x00000000ec100000,0x00000000ee797ef0,0x00000000f0600000)
  to   space 72704K, 0% used [0x00000000e7800000,0x00000000e7800000,0x00000000ebf00000)
 ParOldGen       total 258560K, used 212443K [0x00000000a0000000, 0x00000000afc80000, 0x00000000e0000000)
  object space 258560K, 82% used [0x00000000a0000000,0x00000000acf76f20,0x00000000afc80000)
 Metaspace       used 59754K, capacity 61682K, committed 61696K, reserved 1103872K
  class space    used 7130K, capacity 7677K, committed 7680K, reserved 1048576K
Event: 392.231 GC heap after
Heap after GC invocations=26 (full 5):
 PSYoungGen      total 195584K, used 32636K [0x00000000e0000000, 0x00000000f0280000, 0x0000000100000000)
  eden space 122880K, 0% used [0x00000000e0000000,0x00000000e0000000,0x00000000e7800000)
  from space 72704K, 44% used [0x00000000e7800000,0x00000000e97df3f8,0x00000000ebf00000)
  to   space 69120K, 0% used [0x00000000ebf00000,0x00000000ebf00000,0x00000000f0280000)
 ParOldGen       total 258560K, used 212451K [0x00000000a0000000, 0x00000000afc80000, 0x00000000e0000000)
  object space 258560K, 82% used [0x00000000a0000000,0x00000000acf78f20,0x00000000afc80000)
 Metaspace       used 59754K, capacity 61682K, committed 61696K, reserved 1103872K
  class space    used 7130K, capacity 7677K, committed 7680K, reserved 1048576K
}
Event: 393.322 GC heap before
{Heap before GC invocations=27 (full 5):
 PSYoungGen      total 195584K, used 155516K [0x00000000e0000000, 0x00000000f0280000, 0x0000000100000000)
  eden space 122880K, 100% used [0x00000000e0000000,0x00000000e7800000,0x00000000e7800000)
  from space 72704K, 44% used [0x00000000e7800000,0x00000000e97df3f8,0x00000000ebf00000)
  to   space 69120K, 0% used [0x00000000ebf00000,0x00000000ebf00000,0x00000000f0280000)
 ParOldGen       total 258560K, used 212451K [0x00000000a0000000, 0x00000000afc80000, 0x00000000e0000000)
  object space 258560K, 82% used [0x00000000a0000000,0x00000000acf78f20,0x00000000afc80000)
 Metaspace       used 60763K, capacity 62648K, committed 62848K, reserved 1103872K
  class space    used 7248K, capacity 7790K, committed 7808K, reserved 1048576K
Event: 393.422 GC heap after
Heap after GC invocations=27 (full 5):
 PSYoungGen      total 190464K, used 56227K [0x00000000e0000000, 0x00000000f1180000, 0x0000000100000000)
  eden space 121344K, 0% used [0x00000000e0000000,0x00000000e0000000,0x00000000e7680000)
  from space 69120K, 81% used [0x00000000ebf00000,0x00000000ef5e8f70,0x00000000f0280000)
  to   space 74240K, 0% used [0x00000000e7680000,0x00000000e7680000,0x00000000ebf00000)
 ParOldGen       total 258560K, used 212459K [0x00000000a0000000, 0x00000000afc80000, 0x00000000e0000000)
  object space 258560K, 82% used [0x00000000a0000000,0x00000000acf7af20,0x00000000afc80000)
 Metaspace       used 60763K, capacity 62648K, committed 62848K, reserved 1103872K
  class space    used 7248K, capacity 7790K, committed 7808K, reserved 1048576K
}
Event: 427.011 GC heap before
{Heap before GC invocations=28 (full 5):
 PSYoungGen      total 190464K, used 177571K [0x00000000e0000000, 0x00000000f1180000, 0x0000000100000000)
  eden space 121344K, 100% used [0x00000000e0000000,0x00000000e7680000,0x00000000e7680000)
  from space 69120K, 81% used [0x00000000ebf00000,0x00000000ef5e8f70,0x00000000f0280000)
  to   space 74240K, 0% used [0x00000000e7680000,0x00000000e7680000,0x00000000ebf00000)
 ParOldGen       total 258560K, used 212459K [0x00000000a0000000, 0x00000000afc80000, 0x00000000e0000000)
  object space 258560K, 82% used [0x00000000a0000000,0x00000000acf7af20,0x00000000afc80000)
 Metaspace       used 61248K, capacity 63162K, committed 63488K, reserved 1105920K
  class space    used 7295K, capacity 7831K, committed 7936K, reserved 1048576K
Event: 427.079 GC heap after
Heap after GC invocations=28 (full 5):
 PSYoungGen      total 195584K, used 55904K [0x00000000e0000000, 0x00000000f1680000, 0x0000000100000000)
  eden space 121344K, 0% used [0x00000000e0000000,0x00000000e0000000,0x00000000e7680000)
  from space 74240K, 75% used [0x00000000e7680000,0x00000000ead18270,0x00000000ebf00000)
  to   space 78336K, 0% used [0x00000000eca00000,0x00000000eca00000,0x00000000f1680000)
 ParOldGen       total 258560K, used 212467K [0x00000000a0000000, 0x00000000afc80000, 0x00000000e0000000)
  object space 258560K, 82% used [0x00000000a0000000,0x00000000acf7cf20,0x00000000afc80000)
 Metaspace       used 61248K, capacity 63162K, committed 63488K, reserved 1105920K
  class space    used 7295K, capacity 7831K, committed 7936K, reserved 1048576K
}
Event: 533.629 GC heap before
{Heap before GC invocations=29 (full 5):
 PSYoungGen      total 195584K, used 177248K [0x00000000e0000000, 0x00000000f1680000, 0x0000000100000000)
  eden space 121344K, 100% used [0x00000000e0000000,0x00000000e7680000,0x00000000e7680000)
  from space 74240K, 75% used [0x00000000e7680000,0x00000000ead18270,0x00000000ebf00000)
  to   space 78336K, 0% used [0x00000000eca00000,0x00000000eca00000,0x00000000f1680000)
 ParOldGen       total 258560K, used 212467K [0x00000000a0000000, 0x00000000afc80000, 0x00000000e0000000)
  object space 258560K, 82% used [0x00000000a0000000,0x00000000acf7cf20,0x00000000afc80000)
 Metaspace       used 61733K, capacity 63704K, committed 63744K, reserved 1105920K
  class space    used 7345K, capacity 7904K, committed 7936K, reserved 1048576K
Event: 533.701 GC heap after
Heap after GC invocations=29 (full 5):
 PSYoungGen      total 204288K, used 53997K [0x00000000e0000000, 0x00000000f1a00000, 0x0000000100000000)
  eden space 125952K, 0% used [0x00000000e0000000,0x00000000e0000000,0x00000000e7b00000)
  from space 78336K, 68% used [0x00000000eca00000,0x00000000efebb748,0x00000000f1680000)
  to   space 80896K, 0% used [0x00000000e7b00000,0x00000000e7b00000,0x00000000eca00000)
 ParOldGen       total 258560K, used 212475K [0x00000000a0000000, 0x00000000afc80000, 0x00000000e0000000)
  object space 258560K, 82% used [0x00000000a0000000,0x00000000acf7ef20,0x00000000afc80000)
 Metaspace       used 61733K, capacity 63704K, committed 63744K, reserved 1105920K
  class space    used 7345K, capacity 7904K, committed 7936K, reserved 1048576K
}

